{"C:\\Users\\BinaraP\\OneDrive - 99x\\Documents\\GitHub\\Jest-Testing\\src\\controllers\\recordAPI.ts": {"path":"C:\\Users\\BinaraP\\OneDrive - 99x\\Documents\\GitHub\\Jest-Testing\\src\\controllers\\recordAPI.ts","statementMap":{"0":{"start":{"line":2,"column":0},"end":{"line":2,"column":60}},"1":{"start":{"line":5,"column":24},"end":{"line":5,"column":34}},"2":{"start":{"line":7,"column":28},"end":{"line":13,"column":1}},"3":{"start":{"line":8,"column":51},"end":{"line":8,"column":59}},"4":{"start":{"line":9,"column":30},"end":{"line":9,"column":60}},"5":{"start":{"line":10,"column":4},"end":{"line":10,"column":28}},"6":{"start":{"line":11,"column":4},"end":{"line":11,"column":22}},"7":{"start":{"line":12,"column":4},"end":{"line":12,"column":36}},"8":{"start":{"line":7,"column":13},"end":{"line":7,"column":28}},"9":{"start":{"line":15,"column":28},"end":{"line":28,"column":1}},"10":{"start":{"line":16,"column":19},"end":{"line":16,"column":29}},"11":{"start":{"line":17,"column":47},"end":{"line":17,"column":55}},"12":{"start":{"line":18,"column":19},"end":{"line":18,"column":78}},"13":{"start":{"line":18,"column":56},"end":{"line":18,"column":77}},"14":{"start":{"line":19,"column":4},"end":{"line":27,"column":null}},"15":{"start":{"line":20,"column":8},"end":{"line":20,"column":27}},"16":{"start":{"line":21,"column":8},"end":{"line":21,"column":33}},"17":{"start":{"line":22,"column":8},"end":{"line":22,"column":33}},"18":{"start":{"line":23,"column":8},"end":{"line":23,"column":26}},"19":{"start":{"line":24,"column":8},"end":{"line":24,"column":37}},"20":{"start":{"line":26,"column":8},"end":{"line":26,"column":60}},"21":{"start":{"line":15,"column":13},"end":{"line":15,"column":28}},"22":{"start":{"line":30,"column":28},"end":{"line":40,"column":1}},"23":{"start":{"line":31,"column":19},"end":{"line":31,"column":29}},"24":{"start":{"line":32,"column":18},"end":{"line":32,"column":82}},"25":{"start":{"line":32,"column":60},"end":{"line":32,"column":81}},"26":{"start":{"line":33,"column":4},"end":{"line":39,"column":null}},"27":{"start":{"line":34,"column":8},"end":{"line":34,"column":33}},"28":{"start":{"line":35,"column":8},"end":{"line":35,"column":26}},"29":{"start":{"line":36,"column":8},"end":{"line":36,"column":31}},"30":{"start":{"line":38,"column":8},"end":{"line":38,"column":60}},"31":{"start":{"line":30,"column":13},"end":{"line":30,"column":28}},"32":{"start":{"line":42,"column":29},"end":{"line":50,"column":1}},"33":{"start":{"line":43,"column":19},"end":{"line":43,"column":29}},"34":{"start":{"line":44,"column":19},"end":{"line":44,"column":78}},"35":{"start":{"line":44,"column":56},"end":{"line":44,"column":77}},"36":{"start":{"line":45,"column":4},"end":{"line":49,"column":null}},"37":{"start":{"line":46,"column":8},"end":{"line":46,"column":37}},"38":{"start":{"line":48,"column":8},"end":{"line":48,"column":60}},"39":{"start":{"line":42,"column":13},"end":{"line":42,"column":29}},"40":{"start":{"line":52,"column":29},"end":{"line":54,"column":1}},"41":{"start":{"line":53,"column":4},"end":{"line":53,"column":34}},"42":{"start":{"line":52,"column":13},"end":{"line":52,"column":29}}},"fnMap":{"0":{"name":"(anonymous_0)","decl":{"start":{"line":7,"column":28},"end":{"line":7,"column":29}},"loc":{"start":{"line":7,"column":66},"end":{"line":13,"column":1}}},"1":{"name":"(anonymous_1)","decl":{"start":{"line":15,"column":28},"end":{"line":15,"column":29}},"loc":{"start":{"line":15,"column":66},"end":{"line":28,"column":1}}},"2":{"name":"(anonymous_2)","decl":{"start":{"line":18,"column":32},"end":{"line":18,"column":33}},"loc":{"start":{"line":18,"column":56},"end":{"line":18,"column":77}}},"3":{"name":"(anonymous_3)","decl":{"start":{"line":30,"column":28},"end":{"line":30,"column":29}},"loc":{"start":{"line":30,"column":66},"end":{"line":40,"column":1}}},"4":{"name":"(anonymous_4)","decl":{"start":{"line":32,"column":36},"end":{"line":32,"column":37}},"loc":{"start":{"line":32,"column":60},"end":{"line":32,"column":81}}},"5":{"name":"(anonymous_5)","decl":{"start":{"line":42,"column":29},"end":{"line":42,"column":30}},"loc":{"start":{"line":42,"column":67},"end":{"line":50,"column":1}}},"6":{"name":"(anonymous_6)","decl":{"start":{"line":44,"column":32},"end":{"line":44,"column":33}},"loc":{"start":{"line":44,"column":56},"end":{"line":44,"column":77}}},"7":{"name":"(anonymous_7)","decl":{"start":{"line":52,"column":29},"end":{"line":52,"column":30}},"loc":{"start":{"line":52,"column":67},"end":{"line":54,"column":1}}}},"branchMap":{"0":{"loc":{"start":{"line":19,"column":4},"end":{"line":27,"column":null}},"type":"if","locations":[{"start":{"line":19,"column":4},"end":{"line":27,"column":null}},{"start":{"line":25,"column":11},"end":{"line":27,"column":null}}]},"1":{"loc":{"start":{"line":33,"column":4},"end":{"line":39,"column":null}},"type":"if","locations":[{"start":{"line":33,"column":4},"end":{"line":39,"column":null}},{"start":{"line":37,"column":11},"end":{"line":39,"column":null}}]},"2":{"loc":{"start":{"line":45,"column":4},"end":{"line":49,"column":null}},"type":"if","locations":[{"start":{"line":45,"column":4},"end":{"line":49,"column":null}},{"start":{"line":47,"column":11},"end":{"line":49,"column":null}}]}},"s":{"0":2,"1":2,"2":2,"3":2,"4":2,"5":2,"6":2,"7":2,"8":2,"9":2,"10":3,"11":3,"12":3,"13":5,"14":3,"15":2,"16":2,"17":2,"18":2,"19":2,"20":1,"21":2,"22":2,"23":3,"24":3,"25":4,"26":3,"27":2,"28":2,"29":2,"30":1,"31":2,"32":2,"33":3,"34":3,"35":3,"36":3,"37":1,"38":2,"39":2,"40":2,"41":1,"42":2},"f":{"0":2,"1":3,"2":5,"3":3,"4":4,"5":3,"6":3,"7":1},"b":{"0":[2,1],"1":[2,1],"2":[1,2]}}
,"C:\\Users\\BinaraP\\OneDrive - 99x\\Documents\\GitHub\\Jest-Testing\\src\\routes\\recordRoutes.ts": {"path":"C:\\Users\\BinaraP\\OneDrive - 99x\\Documents\\GitHub\\Jest-Testing\\src\\routes\\recordRoutes.ts","statementMap":{"0":{"start":{"line":1,"column":0},"end":{"line":1,"column":30}},"1":{"start":{"line":2,"column":0},"end":{"line":2,"column":null}},"2":{"start":{"line":10,"column":15},"end":{"line":10,"column":31}},"3":{"start":{"line":12,"column":0},"end":{"line":12,"column":31}},"4":{"start":{"line":13,"column":0},"end":{"line":13,"column":33}},"5":{"start":{"line":14,"column":0},"end":{"line":14,"column":36}},"6":{"start":{"line":15,"column":0},"end":{"line":15,"column":34}},"7":{"start":{"line":16,"column":0},"end":{"line":16,"column":31}},"8":{"start":{"line":18,"column":0},"end":{"line":18,"column":22}}},"fnMap":{},"branchMap":{},"s":{"0":2,"1":2,"2":2,"3":2,"4":2,"5":2,"6":2,"7":2,"8":2},"f":{},"b":{}}
}
